0 verbose cli /usr/local/bin/node /usr/local/bin/npm
1 info using npm@8.19.4
2 info using node@v16.20.2
3 timing npm:load:whichnode Completed in 1ms
4 timing config:load:defaults Completed in 4ms
5 timing config:load:file:/usr/local/lib/node_modules/npm/npmrc Completed in 2ms
6 timing config:load:builtin Completed in 8ms
7 timing config:load:cli Completed in 130ms
8 timing config:load:env Completed in 1ms
9 timing config:load:file:/Users/jenniferlee/Library/Caches/typescript/5.3/.npmrc Completed in 3ms
10 timing config:load:project Completed in 26ms
11 timing config:load:file:/Users/jenniferlee/.npmrc Completed in 1ms
12 timing config:load:user Completed in 1ms
13 timing config:load:file:/usr/local/etc/npmrc Completed in 0ms
14 timing config:load:global Completed in 1ms
15 timing config:load:validate Completed in 0ms
16 timing config:load:credentials Completed in 2ms
17 timing config:load:setEnvs Completed in 1ms
18 timing config:load Completed in 175ms
19 timing npm:load:configload Completed in 176ms
20 timing npm:load:mkdirpcache Completed in 2ms
21 timing npm:load:mkdirplogs Completed in 1ms
22 verbose title npm install @types/babel__generator@ts5.3 @types/babel__template@ts5.3 @types/babel__traverse@ts5.3 @types/aria-query@ts5.3
23 verbose argv "install" "--ignore-scripts" "@types/babel__generator@ts5.3" "@types/babel__template@ts5.3" "@types/babel__traverse@ts5.3" "@types/aria-query@ts5.3" "--save-dev" "--user-agent" "typesInstaller/5.3.2"
24 timing npm:load:setTitle Completed in 44ms
25 timing config:load:flatten Completed in 6ms
26 timing npm:load:display Completed in 15ms
27 verbose logfile logs-max:10 dir:/Users/jenniferlee/.npm/_logs
28 verbose logfile /Users/jenniferlee/.npm/_logs/2024-07-03T22_47_28_487Z-debug-0.log
29 timing npm:load:logFile Completed in 18ms
30 timing npm:load:timers Completed in 0ms
31 timing npm:load:configScope Completed in 24ms
32 timing npm:load Completed in 283ms
33 timing arborist:ctor Completed in 1ms
34 silly logfile start cleaning logs, removing 1 files
35 silly logfile done cleaning log files
36 timing idealTree:init Completed in 299ms
37 timing arborist:ctor Completed in 1ms
38 http fetch GET 200 https://registry.npmjs.org/@types%2faria-query 1198ms (cache hit)
39 http fetch GET 200 https://registry.npmjs.org/@types%2fbabel__generator 1205ms (cache hit)
40 http fetch GET 200 https://registry.npmjs.org/@types%2fbabel__traverse 1204ms (cache hit)
41 http fetch GET 200 https://registry.npmjs.org/@types%2fbabel__template 1209ms (cache hit)
42 timing idealTree:userRequests Completed in 1225ms
43 silly idealTree buildDeps
44 silly fetch manifest @types/aria-query@5.0.4
45 silly fetch manifest @types/babel__generator@7.6.8
46 silly fetch manifest @types/babel__traverse@7.20.6
47 silly fetch manifest @types/babel__template@7.4.4
48 silly placeDep ROOT @types/aria-query@5.0.4 OK for:  want: 5.0.4
49 silly placeDep ROOT @types/babel__generator@7.6.8 OK for:  want: 7.6.8
50 silly placeDep ROOT @types/babel__template@7.4.4 OK for:  want: 7.4.4
51 silly placeDep ROOT @types/babel__traverse@7.20.6 OK for:  want: 7.20.6
52 silly fetch manifest @babel/types@^7.0.0
53 silly fetch manifest @babel/parser@^7.1.0
54 silly fetch manifest @babel/types@^7.20.7
55 http fetch GET 200 https://registry.npmjs.org/@babel%2ftypes 47ms (cache hit)
56 http fetch GET 200 https://registry.npmjs.org/@babel%2ftypes 33ms (cache hit)
57 http fetch GET 200 https://registry.npmjs.org/@babel%2fparser 54ms (cache hit)
58 timing idealTree:#root Completed in 223ms
59 timing idealTree:node_modules/@types/aria-query Completed in 0ms
60 silly placeDep ROOT @babel/types@7.24.7 OK for: @types/babel__generator@7.6.8 want: ^7.0.0
61 silly fetch manifest to-fast-properties@^2.0.0
62 silly fetch manifest @babel/helper-string-parser@^7.24.7
63 silly fetch manifest @babel/helper-validator-identifier@^7.24.7
64 http fetch GET 200 https://registry.npmjs.org/@babel%2fhelper-validator-identifier 59ms (cache hit)
65 http fetch GET 200 https://registry.npmjs.org/@babel%2fhelper-string-parser 63ms (cache hit)
66 http fetch GET 200 https://registry.npmjs.org/to-fast-properties 71ms (cache hit)
67 timing idealTree:node_modules/@types/babel__generator Completed in 84ms
68 silly placeDep ROOT @babel/helper-string-parser@7.24.7 OK for: @babel/types@7.24.7 want: ^7.24.7
69 silly placeDep ROOT @babel/helper-validator-identifier@7.24.7 REPLACE for: @babel/types@7.24.7 want: ^7.24.7
70 silly placeDep ROOT to-fast-properties@2.0.0 OK for: @babel/types@7.24.7 want: ^2.0.0
71 timing idealTree:node_modules/@babel/types Completed in 48ms
72 timing idealTree:node_modules/@babel/helper-string-parser Completed in 0ms
73 timing idealTree:node_modules/@babel/helper-validator-identifier Completed in 0ms
74 silly placeDep ROOT @babel/parser@7.24.7 OK for: @types/babel__template@7.4.4 want: ^7.1.0
75 timing idealTree:node_modules/@types/babel__template Completed in 8ms
76 timing idealTree:node_modules/@babel/parser Completed in 0ms
77 timing idealTree:node_modules/@types/babel__traverse Completed in 0ms
78 timing idealTree:node_modules/to-fast-properties Completed in 0ms
79 timing idealTree:buildDeps Completed in 397ms
80 timing idealTree:fixDepFlags Completed in 5ms
81 timing idealTree Completed in 1949ms
82 timing reify:loadTrees Completed in 1979ms
83 timing reify:diffTrees Completed in 58ms
84 silly reify mark retired [
84 silly reify   '/Users/jenniferlee/Library/Caches/typescript/5.3/node_modules/@babel/helper-validator-identifier'
84 silly reify ]
85 silly reify moves {
85 silly reify   '/Users/jenniferlee/Library/Caches/typescript/5.3/node_modules/@babel/helper-validator-identifier': '/Users/jenniferlee/Library/Caches/typescript/5.3/node_modules/@babel/.helper-validator-identifier-8t8uVrvY'
85 silly reify }
86 timing reify:retireShallow Completed in 7ms
87 timing reify:createSparse Completed in 5ms
88 timing reify:loadBundles Completed in 0ms
89 silly audit bulk request {
89 silly audit   '@babel/code-frame': [ '7.24.2' ],
89 silly audit   '@babel/highlight': [ '7.24.5' ],
89 silly audit   'ansi-styles': [ '3.2.1', '4.3.0', '5.2.0' ],
89 silly audit   chalk: [ '2.4.2', '4.1.2' ],
89 silly audit   'color-convert': [ '1.9.3', '2.0.1' ],
89 silly audit   'color-name': [ '1.1.3', '1.1.4' ],
89 silly audit   'escape-string-regexp': [ '1.0.5', '2.0.0' ],
89 silly audit   'has-flag': [ '3.0.0', '4.0.0' ],
89 silly audit   'supports-color': [ '5.5.0', '7.2.0' ],
89 silly audit   '@jest/expect-utils': [ '29.7.0' ],
89 silly audit   '@jest/schemas': [ '29.6.3' ],
89 silly audit   '@jest/types': [ '29.6.3' ],
89 silly audit   '@sinclair/typebox': [ '0.27.8' ],
89 silly audit   '@types/asap': [ '2.0.2' ],
89 silly audit   '@types/bcrypt': [ '5.0.2' ],
89 silly audit   '@types/body-parser': [ '1.19.5' ],
89 silly audit   '@types/connect': [ '3.4.38' ],
89 silly audit   '@types/cookiejar': [ '2.1.5' ],
89 silly audit   '@types/cors': [ '2.8.17' ],
89 silly audit   '@types/eslint': [ '8.56.10' ],
89 silly audit   '@types/estree': [ '1.0.5' ],
89 silly audit   '@types/express': [ '4.17.21' ],
89 silly audit   '@types/express-serve-static-core': [ '4.19.1' ],
89 silly audit   '@types/http-errors': [ '2.0.4' ],
89 silly audit   '@types/istanbul-lib-coverage': [ '2.0.6' ],
89 silly audit   '@types/istanbul-lib-report': [ '3.0.3' ],
89 silly audit   '@types/istanbul-reports': [ '3.0.4' ],
89 silly audit   '@types/jest': [ '29.5.12' ],
89 silly audit   '@types/json-schema': [ '7.0.15' ],
89 silly audit   '@types/jsonwebtoken': [ '9.0.6' ],
89 silly audit   '@types/methods': [ '1.1.4' ],
89 silly audit   '@types/mime': [ '1.3.5' ],
89 silly audit   '@types/morgan': [ '1.9.9' ],
89 silly audit   '@types/node': [ '20.12.12' ],
89 silly audit   '@types/nunjucks': [ '3.2.6' ],
89 silly audit   '@types/pg': [ '8.11.6' ],
89 silly audit   '@types/prop-types': [ '15.7.12' ],
89 silly audit   '@types/qs': [ '6.9.15' ],
89 silly audit   '@types/range-parser': [ '1.2.7' ],
89 silly audit   '@types/react': [ '18.3.3' ],
89 silly audit   '@types/react-dom': [ '18.3.0' ],
89 silly audit   '@types/send': [ '0.17.4' ],
89 silly audit   '@types/serve-static': [ '1.15.7' ],
89 silly audit   '@types/slug': [ '5.0.8' ],
89 silly audit   '@types/source-list-map': [ '0.1.6' ],
89 silly audit   '@types/stack-utils': [ '2.0.3' ],
89 silly audit   '@types/superagent': [ '8.1.7' ],
89 silly audit   '@types/supertest': [ '6.0.2' ],
89 silly audit   '@types/webpack-sources': [ '3.2.3' ],
89 silly audit   '@types/yargs': [ '17.0.32' ],
89 silly audit   '@types/yargs-parser': [ '21.0.3' ],
89 silly audit   braces: [ '3.0.2' ],
89 silly audit   'ci-info': [ '3.9.0' ],
89 silly audit   csstype: [ '3.1.3' ],
89 silly audit   'diff-sequences': [ '29.6.3' ],
89 silly audit   expect: [ '29.7.0' ],
89 silly audit   'fill-range': [ '7.0.1' ],
89 silly audit   'graceful-fs': [ '4.2.11' ],
89 silly audit   'is-number': [ '7.0.0' ],
89 silly audit   'jest-diff': [ '29.7.0' ],
89 silly audit   'jest-get-type': [ '29.6.3' ],
89 silly audit   'jest-matcher-utils': [ '29.7.0' ],
89 silly audit   'jest-message-util': [ '29.7.0' ],
89 silly audit   'jest-util': [ '29.7.0' ],
89 silly audit   'js-tokens': [ '4.0.0' ],
89 silly audit   micromatch: [ '4.0.5' ],
89 silly audit   obuf: [ '1.1.2' ],
89 silly audit   'pg-int8': [ '1.0.1' ],
89 silly audit   'pg-numeric': [ '1.0.2' ],
89 silly audit   'pg-protocol': [ '1.6.1' ],
89 silly audit   'pg-types': [ '4.0.2' ],
89 silly audit   picocolors: [ '1.0.1' ],
89 silly audit   picomatch: [ '2.3.1' ],
89 silly audit   'postgres-array': [ '3.0.2' ],
89 silly audit   'postgres-bytea': [ '3.0.0' ],
89 silly audit   'postgres-date': [ '2.1.0' ],
89 silly audit   'postgres-interval': [ '3.0.0' ],
89 silly audit   'postgres-range': [ '1.1.4' ],
89 silly audit   'pretty-format': [ '29.7.0' ],
89 silly audit   'react-is': [ '18.3.1' ],
89 silly audit   slash: [ '3.0.0' ],
89 silly audit   'source-map': [ '0.7.4' ],
89 silly audit   'stack-utils': [ '2.0.6' ],
89 silly audit   'to-regex-range': [ '5.0.1' ],
89 silly audit   'types-registry': [ '0.1.685' ],
89 silly audit   'undici-types': [ '5.26.5' ],
89 silly audit   '@types/aria-query': [ '5.0.4' ],
89 silly audit   '@types/babel__generator': [ '7.6.8' ],
89 silly audit   '@types/babel__template': [ '7.4.4' ],
89 silly audit   '@types/babel__traverse': [ '7.20.6' ],
89 silly audit   '@babel/types': [ '7.24.7' ],
89 silly audit   '@babel/helper-string-parser': [ '7.24.7' ],
89 silly audit   '@babel/helper-validator-identifier': [ '7.24.7' ],
89 silly audit   'to-fast-properties': [ '2.0.0' ],
89 silly audit   '@babel/parser': [ '7.24.7' ]
89 silly audit }
90 timing reifyNode:node_modules/to-fast-properties Completed in 575ms
91 timing reifyNode:node_modules/@types/babel__generator Completed in 560ms
92 timing reifyNode:node_modules/@types/babel__template Completed in 560ms
93 timing reifyNode:node_modules/@types/aria-query Completed in 560ms
94 timing reifyNode:node_modules/@babel/helper-string-parser Completed in 571ms
95 timing reifyNode:node_modules/@types/babel__traverse Completed in 567ms
96 timing reifyNode:node_modules/@babel/helper-validator-identifier Completed in 574ms
97 http fetch POST 200 https://registry.npmjs.org/-/npm/v1/security/advisories/bulk 856ms
98 timing auditReport:getReport Completed in 863ms
99 silly audit report {
99 silly audit report   braces: [
99 silly audit report     {
99 silly audit report       id: 1097496,
99 silly audit report       url: 'https://github.com/advisories/GHSA-grv7-fg5c-xmjg',
99 silly audit report       title: 'Uncontrolled resource consumption in braces',
99 silly audit report       severity: 'high',
99 silly audit report       vulnerable_versions: '<3.0.3',
99 silly audit report       cwe: [Array],
99 silly audit report       cvss: [Object]
99 silly audit report     }
99 silly audit report   ]
99 silly audit report }
100 timing metavuln:cache:get:security-advisory:braces:KXF04h9d5THheVuiveZQPyT0zDOcQ+ZCBCWC4fEeKdNWir6MTPm1eUnuCrcrkFnC7VeN47nv2Evh9JNDWszaCw== Completed in 44ms
101 http fetch GET 200 https://registry.npmjs.org/braces 102ms (cache hit)
102 timing metavuln:packument:braces Completed in 117ms
103 timing metavuln:load:security-advisory:braces:1097496 Completed in 9ms
104 timing metavuln:calculate:security-advisory:braces:1097496 Completed in 129ms
105 timing metavuln:cache:get:security-advisory:micromatch:RoARH2X7RHPoHBWE7/6WeCy3B8g2NLWBJLumV3gHV2EMtIHOkkrq6KDxLR5piJOh7ezJtre33ihLiJlX47T1Cg== Completed in 24ms
106 http fetch GET 200 https://registry.npmjs.org/micromatch 40ms (cache hit)
107 timing metavuln:packument:micromatch Completed in 42ms
108 timing metavuln:load:security-advisory:micromatch:KXF04h9d5THheVuiveZQPyT0zDOcQ+ZCBCWC4fEeKdNWir6MTPm1eUnuCrcrkFnC7VeN47nv2Evh9JNDWszaCw== Completed in 3ms
109 timing metavuln:calculate:security-advisory:micromatch:KXF04h9d5THheVuiveZQPyT0zDOcQ+ZCBCWC4fEeKdNWir6MTPm1eUnuCrcrkFnC7VeN47nv2Evh9JNDWszaCw== Completed in 46ms
110 timing auditReport:init Completed in 177ms
111 timing reify:audit Completed in 1044ms
112 timing reifyNode:node_modules/@babel/parser Completed in 954ms
113 timing reifyNode:node_modules/@babel/types Completed in 1118ms
114 timing reify:unpack Completed in 1135ms
115 timing reify:unretire Completed in 0ms
116 timing build:queue Completed in 5ms
117 timing build:link:node_modules/@babel/parser Completed in 4ms
118 timing build:link Completed in 4ms
119 timing build:deps Completed in 10ms
120 timing build Completed in 10ms
121 timing reify:build Completed in 11ms
122 timing reify:trash Completed in 718ms
123 timing reify:save Completed in 57ms
124 timing reify Completed in 4127ms
125 silly ADD node_modules/@babel/parser
126 silly ADD node_modules/to-fast-properties
127 silly ADD node_modules/@babel/helper-string-parser
128 silly ADD node_modules/@babel/types
129 silly ADD node_modules/@types/babel__traverse
130 silly ADD node_modules/@types/babel__template
131 silly ADD node_modules/@types/babel__generator
132 silly ADD node_modules/@types/aria-query
133 silly CHANGE node_modules/@babel/helper-validator-identifier
134 timing command:install Completed in 4138ms
135 verbose exit 0
136 timing npm Completed in 5349ms
137 info ok
